[    0.000000] Initializing cgroup subsys cpuset
[    0.000000] Initializing cgroup subsys cpu
[    0.000000] Initializing cgroup subsys cpuacct
[    0.000000] Linux version 4.4.0-57-generic (buildd@lcy01-15) (gcc version 5.4.0 20160609 (Ubuntu 5.4.0-6ubuntu1~16.04.4) ) #78-Ubuntu SMP Fri Dec 9 23:46:51 UTC 2016 (Ubuntu 4.4.0-57.78-generic 4.4.35)
[    0.000000] KERNEL supported cpus:
[    0.000000]   Intel GenuineIntel
[    0.000000]   AMD AuthenticAMD
[    0.000000]   NSC Geode by NSC
[    0.000000]   Cyrix CyrixInstead
[    0.000000]   Centaur CentaurHauls
[    0.000000]   Transmeta GenuineTMx86
[    0.000000]   Transmeta TransmetaCPU
[    0.000000]   UMC UMC UMC UMC
[    0.000000] x86/fpu: xstate_offset[2]:  576, xstate_sizes[2]:  256
[    0.000000] x86/fpu: Supporting XSAVE feature 0x01: 'x87 floating point registers'
[    0.000000] x86/fpu: Supporting XSAVE feature 0x02: 'SSE registers'
[    0.000000] x86/fpu: Supporting XSAVE feature 0x04: 'AVX registers'
[    0.000000] x86/fpu: Enabled xstate features 0x7, context size is 832 bytes, using 'standard' format.
[    0.000000] x86/fpu: Using 'lazy' FPU context switches.
[    0.000000] e820: BIOS-provided physical RAM map:
[    0.000000] BIOS-e820: [mem 0x0000000000000000-0x000000000009fbff] usable
[    0.000000] BIOS-e820: [mem 0x000000000009fc00-0x000000000009ffff] reserved
[    0.000000] BIOS-e820: [mem 0x00000000000f0000-0x00000000000fffff] reserved
[    0.000000] BIOS-e820: [mem 0x0000000000100000-0x000000003ffeffff] usable
[    0.000000] BIOS-e820: [mem 0x000000003fff0000-0x000000003fffffff] ACPI data
[    0.000000] BIOS-e820: [mem 0x00000000fec00000-0x00000000fec00fff] reserved
[    0.000000] BIOS-e820: [mem 0x00000000fee00000-0x00000000fee00fff] reserved
[    0.000000] BIOS-e820: [mem 0x00000000fffc0000-0x00000000ffffffff] reserved
[    0.000000] NX (Execute Disable) protection: active
[    0.000000] SMBIOS 2.5 present.
[    0.000000] Hypervisor detected: KVM
[    0.000000] e820: last_pfn = 0x3fff0 max_arch_pfn = 0x1000000
[    0.000000] MTRR: Disabled
[    0.000000] x86/PAT: MTRRs disabled, skipping PAT initialization too.
[    0.000000] x86/PAT: Configuration [0-7]: WB  WT  UC- UC  WB  WT  UC- UC  
[    0.000000] CPU MTRRs all blank - virtualized system.
[    0.000000] found SMP MP-table at [mem 0x0009fff0-0x0009ffff] mapped at [c009fff0]
[    0.000000] Scanning 1 areas for low memory corruption
[    0.000000] RAMDISK: [mem 0x36422000-0x37208fff]
[    0.000000] ACPI: Early table checksum verification disabled
[    0.000000] ACPI: RSDP 0x00000000000E0000 000024 (v02 VBOX  )
[    0.000000] ACPI: XSDT 0x000000003FFF0030 00003C (v01 VBOX   VBOXXSDT 00000001 ASL  00000061)
[    0.000000] ACPI: FACP 0x000000003FFF00F0 0000F4 (v04 VBOX   VBOXFACP 00000001 ASL  00000061)
[    0.000000] ACPI: DSDT 0x000000003FFF0470 00210F (v01 VBOX   VBOXBIOS 00000002 INTL 20100528)
[    0.000000] ACPI: FACS 0x000000003FFF0200 000040
[    0.000000] ACPI: FACS 0x000000003FFF0200 000040
[    0.000000] ACPI: APIC 0x000000003FFF0240 00005C (v02 VBOX   VBOXAPIC 00000001 ASL  00000061)
[    0.000000] ACPI: SSDT 0x000000003FFF02A0 0001CC (v01 VBOX   VBOXCPUT 00000002 INTL 20100528)
[    0.000000] 131MB HIGHMEM available.
[    0.000000] 891MB LOWMEM available.
[    0.000000]   mapped low ram: 0 - 37bfe000
[    0.000000]   low ram: 0 - 37bfe000
[    0.000000] kvm-clock: Using msrs 4b564d01 and 4b564d00
[    0.000000] kvm-clock: cpu 0, msr 0:37bfd001, primary cpu clock
[    0.000000] kvm-clock: using sched offset of 3256925795 cycles
[    0.000000] clocksource: kvm-clock: mask: 0xffffffffffffffff max_cycles: 0x1cd42e4dffb, max_idle_ns: 881590591483 ns
[    0.000000] Zone ranges:
[    0.000000]   DMA      [mem 0x0000000000001000-0x0000000000ffffff]
[    0.000000]   Normal   [mem 0x0000000001000000-0x0000000037bfdfff]
[    0.000000]   HighMem  [mem 0x0000000037bfe000-0x000000003ffeffff]
[    0.000000] Movable zone start for each node
[    0.000000] Early memory node ranges
[    0.000000]   node   0: [mem 0x0000000000001000-0x000000000009efff]
[    0.000000]   node   0: [mem 0x0000000000100000-0x000000003ffeffff]
[    0.000000] Initmem setup node 0 [mem 0x0000000000001000-0x000000003ffeffff]
[    0.000000] Using APIC driver default
[    0.000000] ACPI: PM-Timer IO Port: 0x4008
[    0.000000] IOAPIC[0]: apic_id 2, version 32, address 0xfec00000, GSI 0-23
[    0.000000] ACPI: INT_SRC_OVR (bus 0 bus_irq 0 global_irq 2 dfl dfl)
[    0.000000] ACPI: INT_SRC_OVR (bus 0 bus_irq 9 global_irq 9 high level)
[    0.000000] Using ACPI (MADT) for SMP configuration information
[    0.000000] smpboot: Allowing 2 CPUs, 0 hotplug CPUs
[    0.000000] PM: Registered nosave memory: [mem 0x00000000-0x00000fff]
[    0.000000] PM: Registered nosave memory: [mem 0x0009f000-0x0009ffff]
[    0.000000] PM: Registered nosave memory: [mem 0x000a0000-0x000effff]
[    0.000000] PM: Registered nosave memory: [mem 0x000f0000-0x000fffff]
[    0.000000] e820: [mem 0x40000000-0xfebfffff] available for PCI devices
[    0.000000] Booting paravirtualized kernel on KVM
[    0.000000] clocksource: refined-jiffies: mask: 0xffffffff max_cycles: 0xffffffff, max_idle_ns: 7645519600211568 ns
[    0.000000] setup_percpu: NR_CPUS:8 nr_cpumask_bits:8 nr_cpu_ids:2 nr_node_ids:1
[    0.000000] PERCPU: Embedded 19 pages/cpu @f76b0000 s47436 r0 d30388 u77824
[    0.000000] PV qspinlock hash table entries: 512 (order: 0, 4096 bytes)
[    0.000000] Built 1 zonelists in Zone order, mobility grouping on.  Total pages: 259800
[    0.000000] Kernel command line: BOOT_IMAGE=/boot/vmlinuz-4.4.0-57-generic root=UUID=a8c273f1-6a59-4df6-96c9-0f48faeb5382 ro console=tty1 console=ttyS0
[    0.000000] PID hash table entries: 4096 (order: 2, 16384 bytes)
[    0.000000] Dentry cache hash table entries: 131072 (order: 7, 524288 bytes)
[    0.000000] Inode-cache hash table entries: 65536 (order: 6, 262144 bytes)
[    0.000000] Initializing CPU#0
[    0.000000] Initializing HighMem for node 0 (00037bfe:0003fff0)
[    0.000000] Initializing Movable for node 0 (00000000:00000000)
[    0.000000] Memory: 1008760K/1048120K available (7912K kernel code, 769K rwdata, 3148K rodata, 944K init, 800K bss, 39360K reserved, 0K cma-reserved, 135112K highmem)
[    0.000000] virtual kernel memory layout:
[    0.000000]     fixmap  : 0xfff15000 - 0xfffff000   ( 936 kB)
[    0.000000]     pkmap   : 0xffc00000 - 0xffe00000   (2048 kB)
[    0.000000]     vmalloc : 0xf83fe000 - 0xffbfe000   ( 120 MB)
[    0.000000]     lowmem  : 0xc0000000 - 0xf7bfe000   ( 891 MB)
[    0.000000]       .init : 0xc1b91000 - 0xc1c7d000   ( 944 kB)
[    0.000000]       .data : 0xc17ba73b - 0xc1b8f400   (3923 kB)
[    0.000000]       .text : 0xc1000000 - 0xc17ba73b   (7913 kB)
[    0.000000] Checking if this processor honours the WP bit even in supervisor mode...Ok.
[    0.000000] SLUB: HWalign=64, Order=0-3, MinObjects=0, CPUs=2, Nodes=1
[    0.000000] Hierarchical RCU implementation.
[    0.000000] 	Build-time adjustment of leaf fanout to 32.
[    0.000000] 	RCU restricting CPUs from NR_CPUS=8 to nr_cpu_ids=2.
[    0.000000] RCU: Adjusting geometry for rcu_fanout_leaf=32, nr_cpu_ids=2
[    0.000000] NR_IRQS:2304 nr_irqs:440 16
[    0.000000] Console: colour VGA+ 80x25
[    0.000000] console [tty1] enabled
[    0.000000] console [ttyS0] enabled
[    0.000000] allocated 1048576 bytes of page_ext
[    0.000000] tsc: Detected 2699.998 MHz processor
[    1.444201] Calibrating delay loop (skipped) preset value.. 5399.99 BogoMIPS (lpj=10799992)
[    1.451624] pid_max: default: 32768 minimum: 301
[    1.452655] ACPI: Core revision 20150930
[    1.460017] ACPI: 2 ACPI AML tables successfully acquired and loaded
[    1.461485] Security Framework initialized
[    1.492798] Yama: becoming mindful.
[    1.528066] AppArmor: AppArmor initialized
[    1.570734] Mount-cache hash table entries: 2048 (order: 1, 8192 bytes)
[    1.612213] Mountpoint-cache hash table entries: 2048 (order: 1, 8192 bytes)
[    1.687774] Initializing cgroup subsys io
[    1.688833] Initializing cgroup subsys memory
[    1.689953] Initializing cgroup subsys devices
[    1.707771] Initializing cgroup subsys freezer
[    1.735275] Initializing cgroup subsys net_cls
[    1.781137] Initializing cgroup subsys perf_event
[    1.782196] Initializing cgroup subsys net_prio
[    1.783217] Initializing cgroup subsys hugetlb
[    1.784255] Initializing cgroup subsys pids
[    1.785296] CPU: Physical Processor ID: 0
[    1.786272] CPU: Processor Core ID: 0
[    1.788951] mce: CPU supports 0 MCE banks
[    1.790054] Last level iTLB entries: 4KB 64, 2MB 8, 4MB 8
[    1.852573] Last level dTLB entries: 4KB 64, 2MB 0, 4MB 0, 1GB 4
[    1.888837] Freeing SMP alternatives memory: 28K (c1c7d000 - c1c84000)
[    1.897193] ftrace: allocating 31348 entries in 62 pages
[    1.995977] smpboot: APIC(0) Converting physical 0 to logical package 0
[    2.083768] smpboot: Max logical packages: 1
[    2.135617] Enabling APIC mode:  Flat.  Using 1 I/O APICs
[    2.177688] ..TIMER: vector=0x30 apic1=0 pin1=2 apic2=-1 pin2=-1
[    2.300080] smpboot: CPU0: Intel(R) Core(TM) i5-5257U CPU @ 2.70GHz (family: 0x6, model: 0x3d, stepping: 0x4)
[    2.326543] Performance Events: unsupported p6 CPU model 61 no PMU driver, software events only.
[    2.330893] KVM setup paravirtual spinlock
[    2.361464] x86: Booting SMP configuration:
[    2.367792] .... node  #0, CPUs:      #1
[1266874886.452625] Initializing CPU#1
[    2.392407] kvm-clock: cpu 1, msr 0:37bfd041, secondary cpu clock
[    2.409265] mce: CPU supports 0 MCE banks
[    2.423941] x86: Booted up 1 node, 2 CPUs
[    2.432641] smpboot: Total of 2 processors activated (10799.99 BogoMIPS)
[    2.435521] devtmpfs: initialized
[    2.438165] evm: security.selinux
[    2.442474] evm: security.SMACK64
[    2.457818] evm: security.SMACK64EXEC
[    2.513137] evm: security.SMACK64TRANSMUTE
[    2.545418] evm: security.SMACK64MMAP
[    2.557192] evm: security.ima
[    2.557978] evm: security.capability
[    2.559227] clocksource: jiffies: mask: 0xffffffff max_cycles: 0xffffffff, max_idle_ns: 7645041785100000 ns
[    2.610384] pinctrl core: initialized pinctrl subsystem
[    2.664642] RTC time:  2:38:01, date: 12/26/16
[    2.704387] NET: Registered protocol family 16
[    2.705542] EISA bus registered
[    2.745004] cpuidle: using governor ladder
[    2.801884] cpuidle: using governor menu
[    2.813870] PCCT header not found.
[    2.814841] ACPI: bus type PCI registered
[    2.815754] acpiphp: ACPI Hot Plug PCI Controller Driver version: 0.5
[    2.817296] PCI : PCI BIOS area is rw and x. Use pci=nobios if you want it NX.
[    2.848089] PCI: PCI BIOS revision 2.10 entry at 0xfda26, last bus=0
[    2.906311] PCI: Using configuration type 1 for base access
[    2.985611] ACPI: Added _OSI(Module Device)
[    3.033544] ACPI: Added _OSI(Processor Device)
[    3.077411] ACPI: Added _OSI(3.0 _SCP Extensions)
[    3.124582] ACPI: Added _OSI(Processor Aggregator Device)
[    3.137496] ACPI: Executed 1 blocks of module-level executable AML code
[    3.176669] ACPI: Interpreter enabled
[    3.215713] ACPI: (supports S0 S5)
[    3.246796] ACPI: Using IOAPIC for interrupt routing
[    3.302209] PCI: Using host bridge windows from ACPI; if necessary, use "pci=nocrs" and report a bug
[    3.320234] ACPI: PCI Root Bridge [PCI0] (domain 0000 [bus 00-ff])
[    3.327055] acpi PNP0A03:00: _OSC: OS supports [ASPM ClockPM Segments MSI]
[    3.328485] acpi PNP0A03:00: _OSC failed (AE_NOT_FOUND); disabling ASPM
[    3.338440] acpi PNP0A03:00: fail to add MMCONFIG information, can't access extended PCI configuration space under this bridge.
[    3.358512] PCI host bridge to bus 0000:00
[    3.386546] pci_bus 0000:00: root bus resource [io  0x0000-0x0cf7 window]
[    3.442249] pci_bus 0000:00: root bus resource [io  0x0d00-0xffff window]
[    3.454746] pci_bus 0000:00: root bus resource [mem 0x000a0000-0x000bffff window]
[    3.467523] pci_bus 0000:00: root bus resource [mem 0x40000000-0xffdfffff window]
[    3.526608] pci_bus 0000:00: root bus resource [bus 00-ff]
[    3.548951] pci 0000:00:01.1: legacy IDE quirk: reg 0x10: [io  0x01f0-0x01f7]
[    3.600335] pci 0000:00:01.1: legacy IDE quirk: reg 0x14: [io  0x03f6]
[    3.660747] pci 0000:00:01.1: legacy IDE quirk: reg 0x18: [io  0x0170-0x0177]
[    3.720908] pci 0000:00:01.1: legacy IDE quirk: reg 0x1c: [io  0x0376]
[    3.813360] pci 0000:00:07.0: quirk: [io  0x4000-0x403f] claimed by PIIX4 ACPI
[    3.882360] pci 0000:00:07.0: quirk: [io  0x4100-0x410f] claimed by PIIX4 SMB
[    3.975838] ACPI: PCI Interrupt Link [LNKA] (IRQs 5 9 10 *11)
[    4.043119] ACPI: PCI Interrupt Link [LNKB] (IRQs 5 9 10 *11)
[    4.102239] ACPI: PCI Interrupt Link [LNKC] (IRQs 5 9 *10 11)
[    4.161491] ACPI: PCI Interrupt Link [LNKD] (IRQs 5 *9 10 11)
[    4.217842] ACPI: Enabled 2 GPEs in block 00 to 07
[    4.263429] vgaarb: setting as boot device: PCI:0000:00:02.0
[    4.325594] vgaarb: device added: PCI:0000:00:02.0,decodes=io+mem,owns=io+mem,locks=none
[    4.355139] vgaarb: loaded
[    4.355865] vgaarb: bridge control possible 0000:00:02.0
[    4.357275] SCSI subsystem initialized
[    4.377029] ACPI: bus type USB registered
[    4.405555] usbcore: registered new interface driver usbfs
[    4.470049] usbcore: registered new interface driver hub
[    4.531768] usbcore: registered new device driver usb
[    4.550238] PCI: Using ACPI for IRQ routing
[    4.570475] NetLabel: Initializing
[    4.573889] NetLabel:  domain hash size = 128
[    4.604344] NetLabel:  protocols = UNLABELED CIPSOv4
[    4.629376] NetLabel:  unlabeled traffic allowed by default
[    4.653969] amd_nb: Cannot enumerate AMD northbridges
[    4.664077] clocksource: Switched to clocksource kvm-clock
[    4.733250] AppArmor: AppArmor Filesystem Enabled
[    4.821240] pnp: PnP ACPI init
[    4.841639] pnp: PnP ACPI: found 3 devices
[    4.872933] PnPBIOS: Disabled by ACPI PNP
[    4.914927] clocksource: acpi_pm: mask: 0xffffff max_cycles: 0xffffff, max_idle_ns: 2085701024 ns
[    4.994137] NET: Registered protocol family 2
[    5.092966] TCP established hash table entries: 8192 (order: 3, 32768 bytes)
[    5.224882] TCP bind hash table entries: 8192 (order: 4, 65536 bytes)
[    5.358838] TCP: Hash tables configured (established 8192 bind 8192)
[    5.366578] UDP hash table entries: 512 (order: 2, 16384 bytes)
[    5.367824] UDP-Lite hash table entries: 512 (order: 2, 16384 bytes)
[    5.369209] NET: Registered protocol family 1
[    5.396982] pci 0000:00:00.0: Limiting direct PCI/PCI transfers
[    5.474670] pci 0000:00:01.0: Activating ISA DMA hang workarounds
[    5.541745] Trying to unpack rootfs image as initramfs...
[    5.888597] Freeing initrd memory: 14236K (f6422000 - f7209000)
[    5.892009] RAPL PMU detected, API unit is 2^-32 Joules, 4 fixed counters 10737418240 ms ovfl timer
[    5.914163] hw unit of domain pp0-core 2^-0 Joules
[    5.943370] hw unit of domain package 2^-0 Joules
[    6.007978] hw unit of domain dram 2^-0 Joules
[    6.053336] hw unit of domain pp1-gpu 2^-0 Joules
[    6.121988] platform rtc_cmos: registered platform RTC device (no PNP device found)
[    6.342099] Scanning for low memory corruption every 60 seconds
[    6.394868] futex hash table entries: 512 (order: 3, 32768 bytes)
[    6.396243] audit: initializing netlink subsys (disabled)
[    6.397459] audit: type=2000 audit(1482719886.662:1): initialized
[    6.403492] Initialise system trusted keyring
[    6.404772] HugeTLB registered 2 MB page size, pre-allocated 0 pages
[    6.407284] zbud: loaded
[    6.408174] VFS: Disk quotas dquot_6.6.0
[    6.467884] VFS: Dquot-cache hash table entries: 1024 (order 0, 4096 bytes)
[    6.584713] squashfs: version 4.0 (2009/01/31) Phillip Lougher
[    6.676446] fuse init (API version 7.23)
[    6.776991] Key type big_key registered
[    6.777910] Allocating IMA MOK and blacklist keyrings.
[    6.781178] Key type asymmetric registered
[    6.793904] Asymmetric key parser 'x509' registered
[    6.795208] bounce: pool size: 64 pages
[    6.798620] Block layer SCSI generic (bsg) driver version 0.4 loaded (major 249)
[    6.805724] io scheduler noop registered
[    6.809023] io scheduler deadline registered (default)
[    6.813813] io scheduler cfq registered
[    6.818939] pci_hotplug: PCI Hot Plug PCI Core version: 0.5
[    6.824954] pciehp: PCI Express Hot Plug Controller Driver version: 0.4
[    6.836858] ACPI: AC Adapter [AC] (off-line)
[    6.841180] input: Power Button as /devices/LNXSYSTM:00/LNXPWRBN:00/input/input0
[    6.855127] ACPI: Power Button [PWRF]
[    6.860626] input: Sleep Button as /devices/LNXSYSTM:00/LNXSLPBN:00/input/input1
[    6.873562] ACPI: Sleep Button [SLPF]
[    6.878532] ACPI: Battery Slot [BAT0] (battery present)
[    6.884924] GHES: HEST is not enabled!
[    6.888374] Serial: 8250/16550 driver, 32 ports, IRQ sharing enabled
[    6.911030] 00:02: ttyS0 at I/O 0x3f8 (irq = 4, base_baud = 115200) is a 16550A
[    6.944083] Linux agpgart interface v0.103
[    6.948111] brd: module loaded
[    6.950249] loop: module loaded
[    6.950710] scsi host0: ata_piix
[    6.950755] scsi host1: ata_piix
[    6.950781] ata1: PATA max UDMA/33 cmd 0x1f0 ctl 0x3f6 bmdma 0xd000 irq 14
[    6.950782] ata2: PATA max UDMA/33 cmd 0x170 ctl 0x376 bmdma 0xd008 irq 15
[    6.950843] libphy: Fixed MDIO Bus: probed
[    6.950846] tun: Universal TUN/TAP device driver, 1.6
[    6.950846] tun: (C) 1999-2004 Max Krasnyansky <maxk@qualcomm.com>
[    6.950878] PPP generic driver version 2.4.2
[    6.950920] ehci_hcd: USB 2.0 'Enhanced' Host Controller (EHCI) Driver
[    6.950923] ehci-pci: EHCI PCI platform driver
[    6.950937] ehci-platform: EHCI generic platform driver
[    6.950944] ohci_hcd: USB 1.1 'Open' Host Controller (OHCI) Driver
[    6.950947] ohci-pci: OHCI PCI platform driver
[    6.950955] ohci-platform: OHCI generic platform driver
[    6.950961] uhci_hcd: USB Universal Host Controller Interface driver
[    6.951010] i8042: PNP: PS/2 Controller [PNP0303:PS2K,PNP0f03:PS2M] at 0x60,0x64 irq 1,12
[    6.951329] isapnp: Scanning for PnP cards...
[    6.988618] serio: i8042 KBD port at 0x60,0x64 irq 1
[    6.989715] serio: i8042 AUX port at 0x60,0x64 irq 12
[    6.992348] mousedev: PS/2 mouse device common for all mice
[    6.993815] input: AT Translated Set 2 keyboard as /devices/platform/i8042/serio0/input/input2
[    6.996183] rtc_cmos rtc_cmos: rtc core: registered rtc_cmos as rtc0
[    6.997787] rtc_cmos rtc_cmos: alarms up to one day, 114 bytes nvram
[    7.007158] i2c /dev entries driver
[    7.011078] device-mapper: uevent: version 1.0.3
[    7.011978] device-mapper: ioctl: 4.34.0-ioctl (2015-10-28) initialised: dm-devel@redhat.com
[    7.013522] platform eisa.0: Probing EISA bus 0
[    7.014370] platform eisa.0: EISA: Cannot allocate resource for mainboard
[    7.015467] platform eisa.0: Cannot allocate resource for EISA slot 1
[    7.028906] platform eisa.0: Cannot allocate resource for EISA slot 2
[    7.029969] platform eisa.0: Cannot allocate resource for EISA slot 3
[    7.031027] platform eisa.0: Cannot allocate resource for EISA slot 4
[    7.032081] platform eisa.0: Cannot allocate resource for EISA slot 5
[    7.033163] platform eisa.0: Cannot allocate resource for EISA slot 6
[    7.034316] platform eisa.0: Cannot allocate resource for EISA slot 7
[    7.035645] platform eisa.0: Cannot allocate resource for EISA slot 8
[    7.036997] platform eisa.0: EISA: Detected 0 cards
[    7.038078] cpufreq-nforce2: No nForce2 chipset.
[    7.039110] ledtrig-cpu: registered to indicate activity on CPUs
[    7.040602] NET: Registered protocol family 10
[    7.041799] NET: Registered protocol family 17
[    7.042811] Key type dns_resolver registered
[    7.044183] microcode: CPU0 sig=0x306d4, pf=0x40, revision=0x0
[    7.141140] microcode: CPU1 sig=0x306d4, pf=0x40, revision=0x0
[    7.143560] microcode: Microcode Update Driver: v2.01 <tigran@aivazian.fsnet.co.uk>, Peter Oruba
[    7.146678] tsc: Refined TSC clocksource calibration: 2699.559 MHz
[    7.147985] clocksource: tsc: mask: 0xffffffffffffffff max_cycles: 0x26e99dea69b, max_idle_ns: 440795329922 ns
[    7.150224] Using IPI No-Shortcut mode
[    7.152818] registered taskstats version 1
[    7.153797] Loading compiled-in X.509 certificates
[    7.156797] Loaded X.509 cert 'Build time autogenerated kernel key: 4b016e187dd6a3deb46ff9d6e6da32b116441344'
[    7.158938] zswap: loaded using pool lzo/zbud
[    7.161199] Key type trusted registered
[    7.176696] Key type encrypted registered
[    7.180905] AppArmor: AppArmor sha1 policy hashing enabled
[    7.182091] ima: No TPM chip found, activating TPM-bypass!
[    7.183286] evm: HMAC attrs: 0x1
[    7.186514]   Magic number: 12:780:612
[    7.187247] tty tty: hash matches
[    7.187970] rtc_cmos rtc_cmos: setting system clock to 2016-12-26 02:38:06 UTC (1482719886)
[    7.206704] BIOS EDD facility v0.16 2004-Jun-25, 0 devices found
[    7.209561] EDD information not available.
[    7.405061] isapnp: No Plug & Play device found
[    7.469235] Freeing unused kernel memory: 944K (c1b91000 - c1c7d000)
[    7.656278] Write protecting the kernel text: 7916k
[    7.657483] Write protecting the kernel read-only data: 3152k
[    7.658782] NX-protecting the kernel data: 6420k
Loading, please wait...
starting version[    7.736331] random: systemd-udevd: uninitialized urandom read (16 bytes read, 0 bits of entropy available)
 229
[    7.736918] random: udevadm: uninitialized urandom read (16 bytes read, 0 bits of entropy available)
[    7.736966] random: udevadm: uninitialized urandom read (16 bytes read, 0 bits of entropy available)
[    7.737093] random: udevadm: uninitialized urandom read (16 bytes read, 0 bits of entropy available)
[    7.737143] random: udevadm: uninitialized urandom read (16 bytes read, 0 bits of entropy available)
[    7.737187] random: udevadm: uninitialized urandom read (16 bytes read, 0 bits of entropy available)
[    7.737236] random: udevadm: uninitialized urandom read (16 bytes read, 0 bits of entropy available)
[    7.737281] random: udevadm: uninitialized urandom read (16 bytes read, 0 bits of entropy available)
[    7.737327] random: udevadm: uninitialized urandom read (16 bytes read, 0 bits of entropy available)
[    7.737373] random: udevadm: uninitialized urandom read (16 bytes read, 0 bits of entropy available)
[    8.748564] e1000: Intel(R) PRO/1000 Network Driver - version 7.3.21-k8-NAPI
[    8.795000] e1000: Copyright (c) 1999-2006 Intel Corporation.
[    8.797061] Fusion MPT base driver 3.04.20
[    8.834305] Copyright (c) 1999-2008 LSI Corporation
[    8.895967] Fusion MPT SPI Host driver 3.04.20
[    9.034643] input: ImExPS/2 Generic Explorer Mouse as /devices/platform/i8042/serio1/input/input4
[    9.228434] e1000 0000:00:03.0 eth0: (PCI:33MHz:32-bit) 02:18:7a:3e:fe:74
[    9.301100] e1000 0000:00:03.0 eth0: Intel(R) PRO/1000 Network Connection
[    9.724178] e1000 0000:00:08.0 eth1: (PCI:33MHz:32-bit) 08:00:27:0f:4d:d8
[    9.808942] e1000 0000:00:08.0 eth1: Intel(R) PRO/1000 Network Connection
[    9.885277] e1000 0000:00:03.0 enp0s3: renamed from eth0
[    9.954213] mptbase: ioc0: Initiating bringup
[    9.988443] e1000 0000:00:08.0 enp0s8: renamed from eth1
[   10.040651] ioc0: LSI53C1030 A0: Capabilities={Initiator}
[   10.294687] scsi host2: ioc0: LSI53C1030 A0, FwRev=00000000h, Ports=1, MaxQ=256, IRQ=20
[   10.444755] scsi 2:0:0:0: Direct-Access     VBOX     HARDDISK         1.0  PQ: 0 ANSI: 5
[   10.495901] scsi target2:0:0: Beginning Domain Validation
[   10.497983] scsi target2:0:0: Domain Validation skipping write tests
[   10.499326] scsi target2:0:0: Ending Domain Validation
[   10.500535] scsi target2:0:0: asynchronous
[   10.501930] scsi 2:0:1:0: Direct-Access     VBOX     HARDDISK         1.0  PQ: 0 ANSI: 5
[   10.503778] scsi target2:0:1: Beginning Domain Validation
[   10.505838] scsi target2:0:1: Domain Validation skipping write tests
[   10.507184] scsi target2:0:1: Ending Domain Validation
[   10.574126] scsi target2:0:1: asynchronous
[   10.681233] sd 2:0:0:0: Attached scsi generic sg0 type 0
[   10.745991] sd 2:0:0:0: [sda] 20971520 512-byte logical blocks: (10.7 GB/10.0 GiB)
[   10.917227] sd 2:0:1:0: Attached scsi generic sg1 type 0
[   10.996406] sd 2:0:1:0: [sdb] 20480 512-byte logical blocks: (10.5 MB/10.0 MiB)
[   11.003116] sd 2:0:0:0: [sda] Write Protect is off
[   11.004335] sd 2:0:1:0: [sdb] Write Protect is off
[   11.005496] sd 2:0:0:0: [sda] Incomplete mode parameter data
[   11.006696] sd 2:0:0:0: [sda] Assuming drive cache: write through
[   11.008101] sd 2:0:1:0: [sdb] Incomplete mode parameter data
[   11.035117] sd 2:0:1:0: [sdb] Assuming drive cache: write through
[   11.038074]  sda: sda1
[   11.038523] sd 2:0:0:0: [sda] Attached SCSI disk
[   11.214609] sd 2:0:1:0: [sdb] Attached SCSI disk
[   11.801662] floppy0: no floppy controllers found
Begin: Loading e[   13.270818] md: linear personality registered for level -1
ssential drivers ... [   13.317030] md: multipath personality registered for level -4
[   13.392697] md: raid0 personality registered for level 0
[   13.449735] md: raid1 personality registered for level 1
[   13.545573] raid6: mmxx1    gen()  3496 MB/s
[   13.641557] raid6: mmxx2    gen()  5900 MB/s
[   13.824380] raid6: sse1x1   gen()  4486 MB/s
[   13.948273] raid6: sse1x2   gen()  5884 MB/s
[   14.084097] raid6: sse2x1   gen()  9733 MB/s
[   14.156294] raid6: sse2x1   xor()  6954 MB/s
[   14.304576] raid6: sse2x2   gen() 12992 MB/s
[   14.432517] raid6: sse2x2   xor()  7916 MB/s
[   14.516043] raid6: using algorithm sse2x2 gen() 12992 MB/s
[   14.517801] raid6: .... xor() 7916 MB/s, rmw enabled
[   14.526853] raid6: using ssse3x1 recovery algorithm
[   14.541021] xor: automatically using best checksumming function:
[   14.596492]    avx       : 18452.000 MB/sec
[   14.619817] async_tx: api initialized (async)
[   14.663053] md: raid6 personality registered for level 6
[   14.664776] md: raid5 personality registered for level 5
[   14.712733] md: raid4 personality registered for level 4
[   14.752053] md: raid10 personality registered for level 10
done.
Begin: Running /scripts/init-premount ... done.
Begin: Mounting root file system ... Begin: Running /scripts/local-top ... done.
Begin: Running /scripts/local-premount ... [   14.852863] Btrfs loaded
Scanning for Btrfs filesystems
done.
Warning: fsck not present, so skipping root file system
[   14.920400] EXT4-fs (sda1): mounted filesystem with ordered data mode. Opts: (null)
done.
Begin: Running /scripts/local-bottom ... done.
Begin: Running /scripts/init-bottom ... done.
[   15.177980] systemd[1]: systemd 229 running in system mode. (+PAM +AUDIT +SELINUX +IMA +APPARMOR +SMACK +SYSVINIT +UTMP +LIBCRYPTSETUP +GCRYPT +GNUTLS +ACL +XZ -LZ4 +SECCOMP +BLKID +ELFUTILS +KMOD -IDN)
[   15.506675] systemd[1]: Detected virtualization oracle.
[   15.530961] systemd[1]: Detected architecture x86.

Welcome to [1mUbuntu 16.04.1 LTS[0m!

[   15.575174] systemd[1]: Set hostname to <ubuntu-xenial>.
[   45.920659] mptscsih: ioc0: attempting task abort! (sc=f68e5600)
[   45.942009] sd 2:0:0:0: [sda] tag#9 CDB: Read(10) 28 00 00 07 1d 08 00 00 20 00
[   46.276134] mptscsih: ioc0: task abort: FAILED (rv=2003) (sc=f68e5600)
[   46.543641] mptscsih: ioc0: attempting target reset! (sc=f68e5600)
[   46.593965] sd 2:0:0:0: [sda] tag#9 CDB: Read(10) 28 00 00 07 1d 08 00 00 20 00
[   46.704764] mptscsih: ioc0: target reset: SUCCESS (sc=f68e5600)
[   46.876140] systemd[1]: Listening on LVM2 poll daemon socket.
[[0;32m  OK  [0m] Listening on LVM2 poll daemon socket.
[   47.004602] systemd[1]: Reached target Encrypted Volumes.
[[0;32m  OK  [0m] Reached target Encrypted Volumes.
[   47.169037] systemd[1]: Created slice User and Session Slice.
[[0;32m  OK  [0m] Created slice User and Session Slice.
[   47.181430] systemd[1]: Set up automount Arbitrary Executable File Formats File System Automount Point.
[[0;32m  OK  [0m] Set up automount Arbitrary Executab...ats File System Automount Point.
[   47.185509] systemd[1]: Reached target User and Group Name Lookups.
[[0;32m  OK  [0m] Reached target User and Group Name Lookups.
[   47.280746] systemd[1]: Listening on Journal Audit Socket.
[[0;32m  OK  [0m] Listening on Journal Audit Socket.
[   47.421306] systemd[1]: Created slice System Slice.
[[0;32m  OK  [0m] Created slice System Slice.
[   47.446141] systemd[1]: Reached target Slices.
[[0;32m  OK  [0m] Reached target Slices.
[   47.460460] systemd[1]: Listening on /dev/initctl Compatibility Named Pipe.
[[0;32m  OK  [0m] Listening on /dev/initctl Compatibility Named Pipe.
[   47.628791] systemd[1]: Listening on Device-mapper event daemon FIFOs.
[[0;32m  OK  [0m] Listening on Device-mapper event daemon FIFOs.
[   47.685266] systemd[1]: Created slice system-serial\x2dgetty.slice.
[[0;32m  OK  [0m] Created slice system-serial\x2dgetty.slice.
[   47.772567] systemd[1]: Listening on udev Control Socket.
[[0;32m  OK  [0m] Listening on udev Control Socket.
[   47.860752] systemd[1]: Started Forward Password Requests to Wall Directory Watch.
[[0;32m  OK  [0m] Started Forward Password Requests to Wall Directory Watch.
[   47.992774] systemd[1]: Listening on Syslog Socket.
[[0;32m  OK  [0m] Listening on Syslog Socket.
[   48.164495] systemd[1]: Listening on udev Kernel Socket.
[[0;32m  OK  [0m] Listening on udev Kernel Socket.
[   48.204635] systemd[1]: Listening on Journal Socket.
[[0;32m  OK  [0m] Listening on Journal Socket.
[   48.281041] systemd[1]: Starting Load Kernel Modules...
         Startin[   48.386393] Loading iSCSI transport class v2.0-870.
g Load Kernel Mo[   48.523725] random: nonblocking pool is initialized
dules...
[   48.644522] iscsi: registered transport (tcp)
[   48.724446] systemd[1]: Starting Set console keymap...
         Starting Set console keymap...
[   48.768756] systemd[1]: Mounting Huge Pages File System...
         [   48.824221] iscsi: registered transport (iser)
Mounting Huge Pages File System...
[   48.904520] systemd[1]: Starting Create list of required static device nodes for the current kernel...
         Starting Create list of required st... nodes for the current kernel...
[   49.084854] systemd[1]: Mounting POSIX Message Queue File System...
         Mounting POSIX Message Queue File System...
[   49.213077] systemd[1]: Mounting Debug File System...
         Mounting Debug File System...
[   49.284409] systemd[1]: Starting Remount Root and Kernel File Systems...
         [   49.472890] EXT4-fs (sda1): re-mounted. Opts: (null)
Starting Remount Root and Kernel File Systems...
[   49.557110] systemd[1]: Listening on LVM2 metadata daemon socket.
[[0;32m  OK  [0m] Listening on LVM2 metadata daemon socket.
[   49.704335] systemd[1]: Starting Monitoring of LVM2 mirrors, snapshots etc. using dmeventd or progress polling...
         Starting Monitoring of LVM2 mirrors... dmeventd or progress polling...
[   49.913534] systemd[1]: Reached target Swap.
[[0;32m  OK  [0m] Reached target Swap.
[   49.936474] systemd[1]: Starting Nameserver information manager...
         Starting Nameserver information manager...
[   49.976455] systemd[1]: Starting Uncomplicated firewall...
         Starting Uncomplicated firewall...
[   50.028522] systemd[1]: Listening on Journal Socket (/dev/log).
[[0;32m  OK  [0m] Listening on Journal Socket (/dev/log).
[   50.208691] systemd[1]: Starting Journal Service...
         Starting Journal Service...
[   50.365771] systemd[1]: Mounted Huge Pages File System.
[[0;32m  OK  [0m] Mounted Huge Pages File System.
[   50.511225] systemd[1]: Mounted Debug File System.
[[0;32m  OK  [0m] Mounted Debug File System.
[   50.669033] systemd[1]: Mounted POSIX Message Queue File System.
[[0;32m  OK  [0m] Mounted POSIX Message Queue File System.
[   50.832804] systemd[1]: Started Journal Service.
[[0;32m  OK  [0m] Started Journal Service.
[[0;32m  OK  [0m] Started Load Kernel Modules.
[[0;32m  OK  [0m] Started Set console keymap.
[[0;32m  OK  [0m] Started Create list of required sta...ce nodes for the current kernel.
[[0;32m  OK  [0m] Started Remount Root and Kernel File Systems.
[[0;32m  OK  [0m] Started Uncomplicated firewall.
[[0;32m  OK  [0m] Started Nameserver information manager.
[[0;32m  OK  [0m] Started LVM2 metadata daemon.
         Starting Initial cloud-init job (pre-networking)...
         Starting udev Coldplug all Devices...
         Starting Load/Save Random Seed...
         Starting Create Static Device Nodes in /dev...
         Starting Apply Kernel Variables...
         Mounting FUSE Control File System...
         Starting Flush Journal to Persistent Storage...
[[0;32m  OK  [0m] Mounted FUSE Control File System.
[[0;32m  OK  [0m] Started Load/Save Random Seed.
[[0;32m  OK  [0m] Started Create Static Device Nodes in /dev.
[[0;32m  OK  [0m] Started Apply Kernel Variables.
[[0;32m  OK  [0m] Started udev Coldplug all Devices.
[[0;32m  OK  [0m] Started Flush Journal to Persistent Storage.
         Starting udev Kernel Device Manager...
[[0;32m  OK  [0m] Started udev Kernel Device Manager.
[[0;32m  OK  [0m] Started Dispatch Password Requests to Console Directory Watch.
[[0;32m  OK  [0m] Started Monitoring of LVM2 mirrors,...ng dmeventd or progress polling.
[[0;32m  OK  [0m] Reached target Local File Systems (Pre).
[[0;32m  OK  [0m] Reached target Local File Systems.
         Starting Set console font and keymap...
         Starting LSB: AppArmor initialization...
         Starting Create Volatile Files and Directories...
         Starting Tell Plymouth To Write Out Runtime Data...
[[0;32m  OK  [0m] Started Create Volatile Files and Directories.
[[0;32m  OK  [0m] Started Tell Plymouth To Write Out Runtime Data.
[[0;32m  OK  [0m] Found device /dev/ttyS0.
[[0;32m  OK  [0m] Reached target System Time Synchronized.
         Starting Update UTMP about System Boot/Shutdown...
[[0;32m  OK  [0m] Started Update UTMP about System Boot/Shutdown.
[[0;32m  OK  [0m] Started Set console font and keymap.
[   48.506605] cloud-init[463]: Cloud-init v. 0.7.8 running 'init-local' at Mon, 26 Dec 2016 02:38:51 +0000. Up 47.86 seconds.
[[0;32m  OK  [0m] Started LSB: AppArmor initialization.
[[0;32m  OK  [0m] Started Initial cloud-init job (pre-networking).
[[0;32m  OK  [0m] Listening on Load/Save RF Kill Switch Status /dev/rfkill Watch.
[[0;32m  OK  [0m] Reached target Network (Pre).
[[0;32m  OK  [0m] Started ifup for enp0s8.
[[0;32m  OK  [0m] Started ifup for enp0s3.
         Starting Raise network interfaces...
[[0;32m  OK  [0m] Created slice system-getty.slice.
[[0;32m  OK  [0m] Found device 82540EM Gigabit Ethern...r (PRO/1000 MT Desktop Adapter).
         Starting LSB: start Samba SMB/CIFS daemon (smbd)...
[[0;32m  OK  [0m] Started LSB: start Samba SMB/CIFS daemon (smbd).
[[0;32m  OK  [0m] Started Raise network interfaces.
         Starting Initial cloud-init job (metadata service crawler)...
[[0;32m  OK  [0m] Reached target Network.
[   51.528506] cloud-init[1176]: Cloud-init v. 0.7.8 running 'init' at Mon, 26 Dec 2016 02:38:54 +0000. Up 51.23 seconds.
[[0;32m  OK  [0m] Started Initial cloud-init job (metadata service crawler).
[   51.606448] cloud-init[1176]: ci-info: ++++++++++++++++++++++++++++++++++++++Net device info++++++++++++++++++++++++++++++++++++++
[   51.744997] cloud-init[1176]: ci-info: +--------+------+-----------------------------+---------------+-------+-------------------+
[   51.824425] cloud-init[1176]: ci-info: | Device |  Up  |           Address           |      Mask     | Scope |     Hw-Address    |
[   51.904647] cloud-init[1176]: ci-info: +--------+------+-----------------------------+---------------+-------+-------------------+
[   51.984482] cloud-init[1176]: ci-info: |   lo   | True |          127.0.0.1          |   255.0.0.0   |   .   |         .         |
[   52.057022] cloud-init[1176]: ci-info: |   lo   | True |           ::1/128           |       .       |  host |         .         |
[   52.148634] cloud-init[1176]: ci-info: | enp0s3 | True |          10.0.2.15          | 255.255.255.0 |   .   | 02:18:7a:3e:fe:74 |
[[0;32m  OK  [0m] Reached target System Initialization.
[   52.231482] cloud-init[1176]: ci-info: | enp0s3 | True |  fe80::18:7aff:fe3e:fe74/64 |       .       |  link | 02:18:7a:3e:fe:74 |
[   52.365091] cloud-init[1176]: ci-info: | enp0s8 | True |         69.96.69.96         | 255.255.255.0 |   .   | 08:00:27:0f:4d:d8 |
[   52.401042] cloud-init[1176]: ci-info: | enp0s8 | True | fe80::a00:27ff:fe0f:4dd8/64 |       .       |  link | 08:00:27:0f:4d:d8 |
[[0;32m  OK  [0m] Started ACPI Events Check.
         Starting Socket activation for snappy daemon.
[[0;32m  OK  [0m] Started Daily Cleanup of Temporary Directories.
[   52.405881] cloud-init[1176]: ci-info: +--------+------+-----------------------------+---------------+-------+-------------------+
[   52.557858]          cloud-initStarting LXD - unix socket.[1176]: 
ci-info: +++++++++++++++++++++++++++Route IPv4 info++++++++++++++++++++++++++++
[   52.558875] cloud-init[1176]: ci-info: +-------+-------------+----------+---------------+-----------+-------+
[   52.660597] [cloud-init[0;32m  OK  [0m[1176]: ] ci-info: | Route | Destination | Gateway  |    Genmask    | Interface | Flags |Started Daily apt activities.

[[0;32m  OK  [0m] Listening on UUID daemon activation socket.
[[0;32m  OK  [0m] Listening on D-Bus System Message Bus Socket.
[   52.661210] cloud-init[1176]: ci-info: +-------+-------------+----------+---------------+-----------+-------+
[   52.897048] [[0;32m  OK  [0m] Started Trigger resolvconf update for networkd DNS.
[[0;32m  OK  [0m] Reached target Paths.
[[0;32m  OK  [0m] Listening on ACPID Listen Socket.
[[0;32m  OK  [0m] Started Timer to automatically refresh installed snaps.
[[0;32m  OK  [0m] Reached target Timers.
[[0;32m  OK  [0m] Reached target Cloud-config availability.
[[0;32m  OK  [0m] Reached target Network is Online.
cloud-init[1176]: ci-info: |   0   |   0.0.0.0   | 10.0.2.2 |    0.0.0.0    |   enp0s3  |   UG  |
[   52.904882] cloud-init[1176]: ci-info: |   1   |   10.0.2.0  | 0.0.0.0  | 255.255.255.0 |   enp0s3  |   U   |
[   52.964622] cloud-init[1176]: ci-info: |   2   |  69.96.69.0 | 0.0.0.0  | 255.255.255.0 |   enp0s8  |   U   |
[   53.036972] cloud-init[1176]: ci-info: +-------+-------------+----------+---------------+-----------+-------+
         Starting iSCSI initiator daemon (iscsid)...
[[0;32m  OK  [0m] Listening on Socket activation for snappy daemon.
[[0;32m  OK  [0m] Listening on LXD - unix socket.
[[0;32m  OK  [0m] Started iSCSI initiator daemon (iscsid).
         Starting Login to default iSCSI targets...
[[0;32m  OK  [0m] Reached target Sockets.
[[0;32m  OK  [0m] Reached target Basic System.
[[0;32m  OK  [0m] Started Deferred execution scheduler.
         Starting OpenBSD Secure Shell server...
         Starting /etc/rc.local Compatibility...
         Starting LSB: Record successful boot for GRUB...
[[0;32m  OK  [0m] Started FUSE filesystem for LXC.
         Starting Accounts Service...
[[0;32m  OK  [0m] Started D-Bus System Message Bus.
         Starting System Logging Service...
         Starting Login Service...
         Starting Apply the settings specified in cloud-config...
         Starting LSB: MD monitoring daemon...
         Starting LXD - container startup/shutdown...
[[0;32m  OK  [0m] Started Regular background program processing daemon.
         Starting MySQL Community Server...
[[0;32m  OK  [0m] Started ACPI event daemon.
[[0;32m  OK  [0m] Started Snappy daemon.
         Starting Auto import assertions from block devices...
[[0;32m  OK  [0m] Started OpenBSD Secure Shell server.
[[0;32m  OK  [0m] Started System Logging Service.
[[0;32m  OK  [0m] Started /etc/rc.local Compatibility.
[[0;32m  OK  [0m] Started LXD - container startup/shutdown.
[[0;32m  OK  [0m] Started Auto import assertions from block devices.
[[0;32m  OK  [0m] Started Login to default iSCSI targets.
[[0;32m  OK  [0m] Started LSB: Record successful boot for GRUB.
[[0;32m  OK  [0m] Started LSB: MD monitoring daemon.
         Starting Authenticate and Authorize Users to Run Privileged Tasks...
[[0;32m  OK  [0m] Reached target Remote File Systems (Pre).
[[0;32m  OK  [0m] Reached target Remote File Systems.
         Starting LSB: daemon to balance interrupts for SMP systems...
         Starting LSB: Apache2 web server...
         Starting LSB: automatic crash report generation...
         Starting LSB: VirtualBox Linux Additions...
         Starting Permit User Sessions...
         Starting LSB: Set the CPU Frequency Scaling governor to "ondemand"...
         Starting LSB: start Samba daemons for the AD DC...
         Starting LSB: start Samba NetBIOS nameserver (nmbd)...
[[0;32m  OK  [0m] Started Permit User Sessions.
[[0;32m  OK  [0m] Started Login Service.
[[0;32m  OK  [0m] Started Authenticate and Authorize Users to Run Privileged Tasks.
[[0;32m  OK  [0m] Started Accounts Service.
[[0;32m  OK  [0m] Started LSB: automatic crash report generation.
[[0;32m  OK  [0m] Started LSB: daemon to balance interrupts for SMP systems.
[[0;32m  OK  [0m] Started LSB: Set the CPU Frequency Scaling governor to "ondemand".
[   54.977208] cloud-init[1264]: Cloud-init v. 0.7.8 running 'modules:config' at Mon, 26 Dec 2016 02:38:58 +0000. Up 54.71 seconds.
[[0;32m  OK  [0m] Started LSB: VirtualBox Linux Additions.
[[0;32m  OK  [0m] Started Apply the settings specified in cloud-config.
[[0;32m  OK  [0m] Started MySQL Community Server.
[[0;32m  OK  [0m] Created slice User Slice of ubuntu.
         Starting User Manager for UID 1000...
[[0;32m  OK  [0m] Started Session 1 of user ubuntu.
         Starting Hold until boot process finishes up...
         Starting Terminate Plymouth Boot Screen...
[[0;32m  OK  [0m] Started User Manager for UID 1000.
[[0;32m  OK  [0m] Started Hold until boot process finishes up.
[[0;32m  OK  [0m] Started Terminate Plymouth Boot Screen.
[[0;32m  OK  [0m] Started Serial Getty on ttyS0.
[[0;32m  OK  [0m] Started Getty on tty1.
[[0;32m  OK  [0m] Reached target Login Prompts.
         Starting Set console scheme...
[[0;32m  OK  [0m] Started LSB: start Samba daemons for the AD DC.
[[0;32m  OK  [0m] Started LSB: start Samba NetBIOS nameserver (nmbd).
[[0;32m  OK  [0m] Started Set console scheme.
[[0;32m  OK  [0m] Started LSB: Apache2 web server.
[[0;32m  OK  [0m] Reached target Multi-User System.
         Starting Execute cloud user/final scripts...
[[0;32m  OK  [0m] Reached target Graphical Interface.
         Starting Update UTMP about System Runlevel Changes...
[[0;32m  OK  [0m] Started Update UTMP about System Runlevel Changes.
[   56.681235] cloud-init[1579]: Cloud-init v. 0.7.8 running 'modules:final' at Mon, 26 Dec 2016 02:38:59 +0000. Up 56.56 seconds.
[   56.761152] [cloud-init[0;32m  OK  [0m[1579]: ] Cloud-init v. 0.7.8 finished at Mon, 26 Dec 2016 02:39:00 +0000. Datasource DataSourceNoCloud [seed=/dev/sdb][dsmode=net].  Up 56.67 secondsStarted Execute cloud user/final scripts.

[[0;32m  OK  [0m] Reached target Cloud-init target.

Ubuntu 16.04.1 LTS ubuntu-xenial ttyS0

ubuntu-xenial login: 